<?xml version="1.0" encoding="UTF-8"?>
<testsuite name="ProductControllerSpec" tests="1" skipped="0" failures="0" errors="0" timestamp="2015-08-03T12:43:35" hostname="user-ThinkPad-T420" time="0.002">
  <properties/>
  <testcase name="it_shouldReturnHello" classname="ProductControllerSpec" time="0.002"/>
  <system-out><![CDATA[]]></system-out>
  <system-err><![CDATA[]]></system-err>
</testsuite>
