<?xml version="1.0" encoding="UTF-8"?>
<testsuite name="Scenario: As a user I should be able to see a list of products" tests="8" skipped="0" failures="0" errors="0" timestamp="2015-08-04T05:35:16" hostname="Tejaswita-T440" time="15.621">
  <properties/>
  <testcase name="Given I open the application" classname="Scenario: As a user I should be able to see a list of products" time="0.0"/>
  <testcase name="When The page loads" classname="Scenario: As a user I should be able to see a list of products" time="0.0"/>
  <testcase name="Then I should see a list of products" classname="Scenario: As a user I should be able to see a list of products" time="0.001"/>
  <testcase name="classMethod" classname="Scenario: As a user I should be able to see a list of products" time="20.373"/>
  <testcase name="Given I open the application" classname="Scenario: As a user I should be able to see a list of products" time="0.0"/>
  <testcase name="When The page loads" classname="Scenario: As a user I should be able to see a list of products" time="0.001"/>
  <testcase name="Then I should see a list of products" classname="Scenario: As a user I should be able to see a list of products" time="0.001"/>
  <testcase name="classMethod" classname="Scenario: As a user I should be able to see a list of products" time="15.004"/>
  <system-out><![CDATA[]]></system-out>
  <system-err><![CDATA[]]></system-err>
</testsuite>
