<?xml version="1.0" encoding="UTF-8"?>
<testsuite name="RunCukesTest" tests="0" skipped="0" failures="0" errors="0" timestamp="1970-01-01T00:00:00" hostname="Tejaswita-T440" time="0.0">
  <properties/>
  <system-out><![CDATA[
1 Scenarios (?[32m1 passed?[0m)
3 Steps (?[32m3 passed?[0m)
0m20.364s

]]></system-out>
  <system-err><![CDATA[]]></system-err>
</testsuite>
